<?xml version="1.0" encoding="UTF-8"?>
<testng-results ignored="0" total="2" passed="2" failed="0" skipped="0">
  <reporter-output>
  </reporter-output>
  <suite started-at="2020-03-29T07:48:24Z" name="Default suite" finished-at="2020-03-29T07:49:03Z" duration-ms="39751">
    <groups>
    </groups>
    <test started-at="2020-03-29T07:48:24Z" name="Default test" finished-at="2020-03-29T07:49:03Z" duration-ms="39751">
      <class name="com.amazonhomepage.SmokeTest">
        <test-method signature="tc_01()[pri:0, instance:com.amazonhomepage.SmokeTest@21507a04]" started-at="2020-03-29T07:48:24Z" name="tc_01" finished-at="2020-03-29T07:48:41Z" duration-ms="17713" status="PASS">
          <reporter-output>
          </reporter-output>
        </test-method> <!-- tc_01 -->
        <test-method signature="tc_02()[pri:0, instance:com.amazonhomepage.SmokeTest@21507a04]" started-at="2020-03-29T07:48:41Z" name="tc_02" finished-at="2020-03-29T07:49:03Z" duration-ms="21929" status="PASS">
          <reporter-output>
          </reporter-output>
        </test-method> <!-- tc_02 -->
      </class> <!-- com.amazonhomepage.SmokeTest -->
    </test> <!-- Default test -->
  </suite> <!-- Default suite -->
</testng-results>
